This file contains any messages produced by compilers while
running configure, to aid debugging if configure makes a mistake.

It was created by configure, which was
generated by GNU Autoconf 2.69.  Invocation command line was

  $ ./configure 

## --------- ##
## Platform. ##
## --------- ##

hostname = arch_robin
uname -m = x86_64
uname -r = 3.12.9-1-ARCH
uname -s = Linux
uname -v = #1 SMP PREEMPT Sun Jan 26 09:01:37 CET 2014

/usr/bin/uname -p = unknown
/bin/uname -X     = unknown

/bin/arch              = unknown
/usr/bin/arch -k       = unknown
/usr/convex/getsysinfo = unknown
/usr/bin/hostinfo      = unknown
/bin/machine           = unknown
/usr/bin/oslevel       = unknown
/bin/universe          = unknown

PATH: /usr/local/sbin
PATH: /usr/local/bin
PATH: /usr/bin
PATH: /usr/bin/vendor_perl
PATH: /usr/bin/core_perl


## ----------- ##
## Core tests. ##
## ----------- ##

configure:2378: WARNING: Libtool does not cope well with whitespace in `pwd`
configure:2434: checking build system type
configure:2448: result: x86_64-unknown-linux-gnu
configure:2468: checking host system type
configure:2481: result: x86_64-unknown-linux-gnu
configure:2552: checking for gcc
configure:2568: found /usr/bin/gcc
configure:2579: result: gcc
configure:2808: checking for C compiler version
configure:2817: gcc --version >&5
gcc (GCC) 4.8.2 20131219 (prerelease)
Copyright (C) 2013 Free Software Foundation, Inc.
This is free software; see the source for copying conditions.  There is NO
warranty; not even for MERCHANTABILITY or FITNESS FOR A PARTICULAR PURPOSE.

configure:2828: $? = 0
configure:2817: gcc -v >&5
Using built-in specs.
COLLECT_GCC=gcc
COLLECT_LTO_WRAPPER=/usr/lib/gcc/x86_64-unknown-linux-gnu/4.8.2/lto-wrapper
Target: x86_64-unknown-linux-gnu
Configured with: /build/gcc/src/gcc-4.8-20131219/configure --prefix=/usr --libdir=/usr/lib --libexecdir=/usr/lib --mandir=/usr/share/man --infodir=/usr/share/info --with-bugurl=https://bugs.archlinux.org/ --enable-languages=c,c++,ada,fortran,go,lto,objc,obj-c++ --enable-shared --enable-threads=posix --with-system-zlib --enable-__cxa_atexit --disable-libunwind-exceptions --enable-clocale=gnu --disable-libstdcxx-pch --disable-libssp --enable-gnu-unique-object --enable-linker-build-id --enable-cloog-backend=isl --disable-cloog-version-check --enable-lto --enable-plugin --enable-install-libiberty --with-linker-hash-style=gnu --disable-multilib --disable-werror --enable-checking=release
Thread model: posix
gcc version 4.8.2 20131219 (prerelease) (GCC) 
configure:2828: $? = 0
configure:2817: gcc -V >&5
gcc: error: unrecognized command line option '-V'
gcc: fatal error: no input files
compilation terminated.
configure:2828: $? = 1
configure:2817: gcc -qversion >&5
gcc: error: unrecognized command line option '-qversion'
gcc: fatal error: no input files
compilation terminated.
configure:2828: $? = 1
configure:2848: checking whether the C compiler works
configure:2870: gcc    conftest.c  >&5
configure:2874: $? = 0
configure:2922: result: yes
configure:2925: checking for C compiler default output file name
configure:2927: result: a.out
configure:2933: checking for suffix of executables
configure:2940: gcc -o conftest    conftest.c  >&5
configure:2944: $? = 0
configure:2966: result: 
configure:2988: checking whether we are cross compiling
configure:2996: gcc -o conftest    conftest.c  >&5
configure:3000: $? = 0
configure:3007: ./conftest
configure:3011: $? = 0
configure:3026: result: no
configure:3031: checking for suffix of object files
configure:3053: gcc -c   conftest.c >&5
configure:3057: $? = 0
configure:3078: result: o
configure:3082: checking whether we are using the GNU C compiler
configure:3101: gcc -c   conftest.c >&5
configure:3101: $? = 0
configure:3110: result: yes
configure:3119: checking whether gcc accepts -g
configure:3139: gcc -c -g  conftest.c >&5
configure:3139: $? = 0
configure:3180: result: yes
configure:3197: checking for gcc option to accept ISO C89
configure:3260: gcc  -c -g -O2  conftest.c >&5
configure:3260: $? = 0
configure:3273: result: none needed
configure:3298: checking whether gcc understands -c and -o together
configure:3320: gcc -c conftest.c -o conftest2.o
configure:3323: $? = 0
configure:3320: gcc -c conftest.c -o conftest2.o
configure:3323: $? = 0
configure:3335: result: yes
configure:3352: checking for a sed that does not truncate output
configure:3416: result: /usr/bin/sed
configure:3434: checking for grep that handles long lines and -e
configure:3492: result: /usr/bin/grep
configure:3497: checking for egrep
configure:3559: result: /usr/bin/grep -E
configure:3564: checking for fgrep
configure:3626: result: /usr/bin/grep -F
configure:3661: checking for ld used by gcc
configure:3728: result: /usr/bin/ld
configure:3735: checking if the linker (/usr/bin/ld) is GNU ld
configure:3750: result: yes
configure:3762: checking for BSD- or MS-compatible name lister (nm)
configure:3811: result: /usr/bin/nm -B
configure:3929: checking the name lister (/usr/bin/nm -B) interface
configure:3936: gcc -c -g -O2  conftest.c >&5
configure:3939: /usr/bin/nm -B "conftest.o"
configure:3942: output
0000000000000000 B some_variable
configure:3949: result: BSD nm
configure:3952: checking whether ln -s works
configure:3956: result: yes
configure:3964: checking the maximum length of command line arguments
configure:4090: result: 1572864
configure:4107: checking whether the shell understands some XSI constructs
configure:4117: result: yes
configure:4121: checking whether the shell understands "+="
configure:4127: result: yes
configure:4162: checking for /usr/bin/ld option to reload object files
configure:4169: result: -r
configure:4238: checking for objdump
configure:4254: found /usr/bin/objdump
configure:4265: result: objdump
configure:4294: checking how to recognize dependent libraries
configure:4492: result: pass_all
configure:4552: checking for ar
configure:4568: found /usr/bin/ar
configure:4579: result: ar
configure:4657: checking for strip
configure:4673: found /usr/bin/strip
configure:4684: result: strip
configure:4756: checking for ranlib
configure:4772: found /usr/bin/ranlib
configure:4783: result: ranlib
configure:4873: checking command to parse /usr/bin/nm -B output from gcc object
configure:4991: gcc -c -g -O2  conftest.c >&5
configure:4994: $? = 0
configure:4998: /usr/bin/nm -B conftest.o \| sed -n -e 's/^.*[	 ]\([ABCDGIRSTW][ABCDGIRSTW]*\)[	 ][	 ]*\([_A-Za-z][_A-Za-z0-9]*\)$/\1 \2 \2/p' \> conftest.nm
configure:5001: $? = 0
configure:5055: gcc -o conftest -g -O2   conftest.c conftstm.o >&5
configure:5058: $? = 0
configure:5096: result: ok
configure:5192: gcc -c -g -O2  conftest.c >&5
configure:5195: $? = 0
configure:5905: checking how to run the C preprocessor
configure:5936: gcc -E  conftest.c
configure:5936: $? = 0
configure:5950: gcc -E  conftest.c
conftest.c:9:28: fatal error: ac_nonexistent.h: No such file or directory
 #include <ac_nonexistent.h>
                            ^
compilation terminated.
configure:5950: $? = 1
configure: failed program was:
| /* confdefs.h */
| #define PACKAGE_NAME ""
| #define PACKAGE_TARNAME ""
| #define PACKAGE_VERSION ""
| #define PACKAGE_STRING ""
| #define PACKAGE_BUGREPORT ""
| #define PACKAGE_URL ""
| /* end confdefs.h.  */
| #include <ac_nonexistent.h>
configure:5975: result: gcc -E
configure:5995: gcc -E  conftest.c
configure:5995: $? = 0
configure:6009: gcc -E  conftest.c
conftest.c:9:28: fatal error: ac_nonexistent.h: No such file or directory
 #include <ac_nonexistent.h>
                            ^
compilation terminated.
configure:6009: $? = 1
configure: failed program was:
| /* confdefs.h */
| #define PACKAGE_NAME ""
| #define PACKAGE_TARNAME ""
| #define PACKAGE_VERSION ""
| #define PACKAGE_STRING ""
| #define PACKAGE_BUGREPORT ""
| #define PACKAGE_URL ""
| /* end confdefs.h.  */
| #include <ac_nonexistent.h>
configure:6038: checking for ANSI C header files
configure:6058: gcc -c -g -O2  conftest.c >&5
configure:6058: $? = 0
configure:6131: gcc -o conftest -g -O2   conftest.c  >&5
configure:6131: $? = 0
configure:6131: ./conftest
configure:6131: $? = 0
configure:6142: result: yes
configure:6155: checking for sys/types.h
configure:6155: gcc -c -g -O2  conftest.c >&5
configure:6155: $? = 0
configure:6155: result: yes
configure:6155: checking for sys/stat.h
configure:6155: gcc -c -g -O2  conftest.c >&5
configure:6155: $? = 0
configure:6155: result: yes
configure:6155: checking for stdlib.h
configure:6155: gcc -c -g -O2  conftest.c >&5
configure:6155: $? = 0
configure:6155: result: yes
configure:6155: checking for string.h
configure:6155: gcc -c -g -O2  conftest.c >&5
configure:6155: $? = 0
configure:6155: result: yes
configure:6155: checking for memory.h
configure:6155: gcc -c -g -O2  conftest.c >&5
configure:6155: $? = 0
configure:6155: result: yes
configure:6155: checking for strings.h
configure:6155: gcc -c -g -O2  conftest.c >&5
configure:6155: $? = 0
configure:6155: result: yes
configure:6155: checking for inttypes.h
configure:6155: gcc -c -g -O2  conftest.c >&5
configure:6155: $? = 0
configure:6155: result: yes
configure:6155: checking for stdint.h
configure:6155: gcc -c -g -O2  conftest.c >&5
configure:6155: $? = 0
configure:6155: result: yes
configure:6155: checking for unistd.h
configure:6155: gcc -c -g -O2  conftest.c >&5
configure:6155: $? = 0
configure:6155: result: yes
configure:6169: checking for dlfcn.h
configure:6169: gcc -c -g -O2  conftest.c >&5
configure:6169: $? = 0
configure:6169: result: yes
configure:6651: checking for objdir
configure:6666: result: .libs
configure:6962: checking if gcc supports -fno-rtti -fno-exceptions
configure:6980: gcc -c -g -O2  -fno-rtti -fno-exceptions conftest.c >&5
cc1: warning: command line option '-fno-rtti' is valid for C++/ObjC++ but not for C [enabled by default]
configure:6984: $? = 0
configure:6997: result: no
configure:7017: checking for gcc option to produce PIC
configure:7289: result: -fPIC -DPIC
configure:7301: checking if gcc PIC flag -fPIC -DPIC works
configure:7319: gcc -c -g -O2  -fPIC -DPIC -DPIC conftest.c >&5
configure:7323: $? = 0
configure:7336: result: yes
configure:7360: checking if gcc static flag -static works
configure:7388: result: yes
configure:7403: checking if gcc supports -c -o file.o
configure:7424: gcc -c -g -O2  -o out/conftest2.o conftest.c >&5
configure:7428: $? = 0
configure:7450: result: yes
configure:7458: checking if gcc supports -c -o file.o
configure:7505: result: yes
configure:7538: checking whether the gcc linker (/usr/bin/ld -m elf_x86_64) supports shared libraries
configure:8524: result: yes
configure:8561: checking whether -lc should be explicitly linked in
configure:8566: gcc -c -g -O2  conftest.c >&5
configure:8569: $? = 0
configure:8584: gcc -shared conftest.o  -v -Wl,-soname -Wl,conftest -o conftest 2\>\&1 \| /usr/bin/grep  -lc  \>/dev/null 2\>\&1
configure:8587: $? = 0
configure:8599: result: no
configure:8763: checking dynamic linker characteristics
configure:9198: gcc -o conftest -g -O2   -Wl,-rpath -Wl,/foo conftest.c  >&5
configure:9198: $? = 0
configure:9416: result: GNU/Linux ld.so
configure:9518: checking how to hardcode library paths into programs
configure:9543: result: immediate
configure:10063: checking whether stripping libraries is possible
configure:10068: result: yes
configure:10103: checking if libtool supports shared libraries
configure:10105: result: yes
configure:10108: checking whether to build shared libraries
configure:10129: result: yes
configure:10132: checking whether to build static libraries
configure:10136: result: yes
configure:10200: checking for a BSD-compatible install
configure:10268: result: /usr/bin/install -c
configure:10279: checking whether build environment is sane
configure:10334: result: yes
configure:10482: checking for a thread-safe mkdir -p
configure:10521: result: /usr/bin/mkdir -p
configure:10528: checking for gawk
configure:10544: found /usr/bin/gawk
configure:10555: result: gawk
configure:10566: checking whether make sets $(MAKE)
configure:10588: result: yes
configure:10618: checking for style of include used by make
configure:10646: result: GNU
configure:10680: checking whether make supports nested variables
configure:10697: result: yes
configure:10783: checking dependency style of gcc
configure:10894: result: gcc3
configure:11001: checking for gcc
configure:11028: result: gcc
configure:11257: checking for C compiler version
configure:11266: gcc --version >&5
gcc (GCC) 4.8.2 20131219 (prerelease)
Copyright (C) 2013 Free Software Foundation, Inc.
This is free software; see the source for copying conditions.  There is NO
warranty; not even for MERCHANTABILITY or FITNESS FOR A PARTICULAR PURPOSE.

configure:11277: $? = 0
configure:11266: gcc -v >&5
Using built-in specs.
COLLECT_GCC=gcc
COLLECT_LTO_WRAPPER=/usr/lib/gcc/x86_64-unknown-linux-gnu/4.8.2/lto-wrapper
Target: x86_64-unknown-linux-gnu
Configured with: /build/gcc/src/gcc-4.8-20131219/configure --prefix=/usr --libdir=/usr/lib --libexecdir=/usr/lib --mandir=/usr/share/man --infodir=/usr/share/info --with-bugurl=https://bugs.archlinux.org/ --enable-languages=c,c++,ada,fortran,go,lto,objc,obj-c++ --enable-shared --enable-threads=posix --with-system-zlib --enable-__cxa_atexit --disable-libunwind-exceptions --enable-clocale=gnu --disable-libstdcxx-pch --disable-libssp --enable-gnu-unique-object --enable-linker-build-id --enable-cloog-backend=isl --disable-cloog-version-check --enable-lto --enable-plugin --enable-install-libiberty --with-linker-hash-style=gnu --disable-multilib --disable-werror --enable-checking=release
Thread model: posix
gcc version 4.8.2 20131219 (prerelease) (GCC) 
configure:11277: $? = 0
configure:11266: gcc -V >&5
gcc: error: unrecognized command line option '-V'
gcc: fatal error: no input files
compilation terminated.
configure:11277: $? = 1
configure:11266: gcc -qversion >&5
gcc: error: unrecognized command line option '-qversion'
gcc: fatal error: no input files
compilation terminated.
configure:11277: $? = 1
configure:11281: checking whether we are using the GNU C compiler
configure:11309: result: yes
configure:11318: checking whether gcc accepts -g
configure:11379: result: yes
configure:11396: checking for gcc option to accept ISO C89
configure:11472: result: none needed
configure:11497: checking whether gcc understands -c and -o together
configure:11534: result: yes
configure:11552: checking whether make sets $(MAKE)
configure:11574: result: yes
configure:11592: checking for windres
configure:11622: result: no
configure:11592: checking for linux-gnu-windres
configure:11622: result: no
configure:11635: checking for size_t
configure:11635: gcc -c -g -O2  conftest.c >&5
configure:11635: $? = 0
configure:11635: gcc -c -g -O2  conftest.c >&5
conftest.c: In function 'main':
conftest.c:59:21: error: expected expression before ')' token
 if (sizeof ((size_t)))
                     ^
configure:11635: $? = 1
configure: failed program was:
| /* confdefs.h */
| #define PACKAGE_NAME ""
| #define PACKAGE_TARNAME ""
| #define PACKAGE_VERSION ""
| #define PACKAGE_STRING ""
| #define PACKAGE_BUGREPORT ""
| #define PACKAGE_URL ""
| #define STDC_HEADERS 1
| #define HAVE_SYS_TYPES_H 1
| #define HAVE_SYS_STAT_H 1
| #define HAVE_STDLIB_H 1
| #define HAVE_STRING_H 1
| #define HAVE_MEMORY_H 1
| #define HAVE_STRINGS_H 1
| #define HAVE_INTTYPES_H 1
| #define HAVE_STDINT_H 1
| #define HAVE_UNISTD_H 1
| #define HAVE_DLFCN_H 1
| #define LT_OBJDIR ".libs/"
| #define PACKAGE "SDL2_ttf"
| #define VERSION "2.0.12"
| /* end confdefs.h.  */
| #include <stdio.h>
| #ifdef HAVE_SYS_TYPES_H
| # include <sys/types.h>
| #endif
| #ifdef HAVE_SYS_STAT_H
| # include <sys/stat.h>
| #endif
| #ifdef STDC_HEADERS
| # include <stdlib.h>
| # include <stddef.h>
| #else
| # ifdef HAVE_STDLIB_H
| #  include <stdlib.h>
| # endif
| #endif
| #ifdef HAVE_STRING_H
| # if !defined STDC_HEADERS && defined HAVE_MEMORY_H
| #  include <memory.h>
| # endif
| # include <string.h>
| #endif
| #ifdef HAVE_STRINGS_H
| # include <strings.h>
| #endif
| #ifdef HAVE_INTTYPES_H
| # include <inttypes.h>
| #endif
| #ifdef HAVE_STDINT_H
| # include <stdint.h>
| #endif
| #ifdef HAVE_UNISTD_H
| # include <unistd.h>
| #endif
| int
| main ()
| {
| if (sizeof ((size_t)))
| 	    return 0;
|   ;
|   return 0;
| }
configure:11635: result: yes
configure:11648: checking for working alloca.h
configure:11665: gcc -o conftest -g -O2   conftest.c  >&5
configure:11665: $? = 0
configure:11673: result: yes
configure:11681: checking for alloca
configure:11718: gcc -o conftest -g -O2   conftest.c  >&5
configure:11718: $? = 0
configure:11726: result: yes
configure:11895: checking for freetype-config
configure:11913: found /usr/bin/freetype-config
configure:11926: result: /usr/bin/freetype-config
configure:11995: checking for pkg-config
configure:12013: found /usr/bin/pkg-config
configure:12025: result: /usr/bin/pkg-config
configure:12050: checking pkg-config is at least version 0.9.0
configure:12053: result: yes
configure:12091: checking for SDL
configure:12099: $PKG_CONFIG --exists --print-errors "sdl2 >= $min_sdl_version"
configure:12102: $? = 0
configure:12117: $PKG_CONFIG --exists --print-errors "sdl2 >= $min_sdl_version"
configure:12120: $? = 0
configure:12156: result: yes
configure:12427: checking for X
configure:12535: gcc -E  conftest.c
configure:12535: $? = 0
configure:12566: gcc -o conftest -g -O2 -I/usr/include/freetype2 -D_REENTRANT -I/usr/include/SDL2    conftest.c -lX11  -lfreetype -lz -lbz2 -lpng16 -lSDL2 -lpthread  >&5
configure:12566: $? = 0
configure:12616: result: libraries , headers 
configure:12715: gcc -o conftest -g -O2 -I/usr/include/freetype2 -D_REENTRANT -I/usr/include/SDL2    conftest.c  -lfreetype -lz -lbz2 -lpng16 -lSDL2 -lpthread   -lX11 >&5
configure:12715: $? = 0
configure:12813: checking for gethostbyname
configure:12813: gcc -o conftest -g -O2 -I/usr/include/freetype2 -D_REENTRANT -I/usr/include/SDL2    conftest.c  -lfreetype -lz -lbz2 -lpng16 -lSDL2 -lpthread  >&5
configure:12813: $? = 0
configure:12813: result: yes
configure:12910: checking for connect
configure:12910: gcc -o conftest -g -O2 -I/usr/include/freetype2 -D_REENTRANT -I/usr/include/SDL2    conftest.c  -lfreetype -lz -lbz2 -lpng16 -lSDL2 -lpthread  >&5
configure:12910: $? = 0
configure:12910: result: yes
configure:12959: checking for remove
configure:12959: gcc -o conftest -g -O2 -I/usr/include/freetype2 -D_REENTRANT -I/usr/include/SDL2    conftest.c  -lfreetype -lz -lbz2 -lpng16 -lSDL2 -lpthread  >&5
configure:12959: $? = 0
configure:12959: result: yes
configure:13008: checking for shmat
configure:13008: gcc -o conftest -g -O2 -I/usr/include/freetype2 -D_REENTRANT -I/usr/include/SDL2    conftest.c  -lfreetype -lz -lbz2 -lpng16 -lSDL2 -lpthread  >&5
configure:13008: $? = 0
configure:13008: result: yes
configure:13066: checking for IceConnectionNumber in -lICE
configure:13091: gcc -o conftest -g -O2 -I/usr/include/freetype2 -D_REENTRANT -I/usr/include/SDL2    conftest.c -lICE   -lfreetype -lz -lbz2 -lpng16 -lSDL2 -lpthread  >&5
configure:13091: $? = 0
configure:13100: result: yes
configure:13118: checking for OpenGL support
configure:13136: gcc -c -g -O2 -I/usr/include/freetype2 -D_REENTRANT -I/usr/include/SDL2    conftest.c >&5
configure:13136: $? = 0
configure:13142: result: yes
configure:13302: checking that generated files are newer than configure
configure:13308: result: done
configure:13335: creating ./config.status

## ---------------------- ##
## Running config.status. ##
## ---------------------- ##

This file was extended by config.status, which was
generated by GNU Autoconf 2.69.  Invocation command line was

  CONFIG_FILES    = 
  CONFIG_HEADERS  = 
  CONFIG_LINKS    = 
  CONFIG_COMMANDS = 
  $ ./config.status 

on arch_robin

config.status:1018: creating Makefile
config.status:1018: creating SDL2_ttf.spec
config.status:1018: creating SDL2_ttf.pc
config.status:1190: executing libtool commands
config.status:1190: executing depfiles commands

## ---------------- ##
## Cache variables. ##
## ---------------- ##

ac_cv_build=x86_64-unknown-linux-gnu
ac_cv_c_compiler_gnu=yes
ac_cv_env_CC_set=
ac_cv_env_CC_value=
ac_cv_env_CFLAGS_set=
ac_cv_env_CFLAGS_value=
ac_cv_env_CPPFLAGS_set=
ac_cv_env_CPPFLAGS_value=
ac_cv_env_CPP_set=
ac_cv_env_CPP_value=
ac_cv_env_LDFLAGS_set=
ac_cv_env_LDFLAGS_value=
ac_cv_env_LIBS_set=
ac_cv_env_LIBS_value=
ac_cv_env_PKG_CONFIG_set=
ac_cv_env_PKG_CONFIG_value=
ac_cv_env_SDL_CFLAGS_set=
ac_cv_env_SDL_CFLAGS_value=
ac_cv_env_SDL_LIBS_set=
ac_cv_env_SDL_LIBS_value=
ac_cv_env_XMKMF_set=
ac_cv_env_XMKMF_value=
ac_cv_env_build_alias_set=
ac_cv_env_build_alias_value=
ac_cv_env_host_alias_set=
ac_cv_env_host_alias_value=
ac_cv_env_target_alias_set=
ac_cv_env_target_alias_value=
ac_cv_func_alloca_works=yes
ac_cv_func_connect=yes
ac_cv_func_gethostbyname=yes
ac_cv_func_remove=yes
ac_cv_func_shmat=yes
ac_cv_have_x='have_x=yes	ac_x_includes='\'''\''	ac_x_libraries='\'''\'''
ac_cv_header_dlfcn_h=yes
ac_cv_header_inttypes_h=yes
ac_cv_header_memory_h=yes
ac_cv_header_stdc=yes
ac_cv_header_stdint_h=yes
ac_cv_header_stdlib_h=yes
ac_cv_header_string_h=yes
ac_cv_header_strings_h=yes
ac_cv_header_sys_stat_h=yes
ac_cv_header_sys_types_h=yes
ac_cv_header_unistd_h=yes
ac_cv_host=x86_64-unknown-linux-gnu
ac_cv_lib_ICE_IceConnectionNumber=yes
ac_cv_objext=o
ac_cv_path_EGREP='/usr/bin/grep -E'
ac_cv_path_FGREP='/usr/bin/grep -F'
ac_cv_path_FREETYPE_CONFIG=/usr/bin/freetype-config
ac_cv_path_GREP=/usr/bin/grep
ac_cv_path_SED=/usr/bin/sed
ac_cv_path_ac_pt_PKG_CONFIG=/usr/bin/pkg-config
ac_cv_path_install='/usr/bin/install -c'
ac_cv_path_mkdir=/usr/bin/mkdir
ac_cv_prog_AWK=gawk
ac_cv_prog_CPP='gcc -E'
ac_cv_prog_ac_ct_AR=ar
ac_cv_prog_ac_ct_CC=gcc
ac_cv_prog_ac_ct_OBJDUMP=objdump
ac_cv_prog_ac_ct_RANLIB=ranlib
ac_cv_prog_ac_ct_STRIP=strip
ac_cv_prog_cc_c89=
ac_cv_prog_cc_g=yes
ac_cv_prog_make_make_set=yes
ac_cv_type_size_t=yes
ac_cv_working_alloca_h=yes
am_cv_CC_dependencies_compiler_type=gcc3
am_cv_make_support_nested_variables=yes
am_cv_prog_cc_c_o=yes
lt_cv_deplibs_check_method=pass_all
lt_cv_file_magic_cmd='$MAGIC_CMD'
lt_cv_file_magic_test_file=
lt_cv_ld_reload_flag=-r
lt_cv_nm_interface='BSD nm'
lt_cv_objdir=.libs
lt_cv_path_LD=/usr/bin/ld
lt_cv_path_NM='/usr/bin/nm -B'
lt_cv_prog_compiler_c_o=yes
lt_cv_prog_compiler_pic_works=yes
lt_cv_prog_compiler_rtti_exceptions=no
lt_cv_prog_compiler_static_works=yes
lt_cv_prog_gnu_ld=yes
lt_cv_sys_global_symbol_pipe='sed -n -e '\''s/^.*[	 ]\([ABCDGIRSTW][ABCDGIRSTW]*\)[	 ][	 ]*\([_A-Za-z][_A-Za-z0-9]*\)$/\1 \2 \2/p'\'''
lt_cv_sys_global_symbol_to_c_name_address='sed -n -e '\''s/^: \([^ ]*\) $/  {\"\1\", (void *) 0},/p'\'' -e '\''s/^[ABCDGIRSTW]* \([^ ]*\) \([^ ]*\)$/  {"\2", (void *) \&\2},/p'\'''
lt_cv_sys_global_symbol_to_c_name_address_lib_prefix='sed -n -e '\''s/^: \([^ ]*\) $/  {\"\1\", (void *) 0},/p'\'' -e '\''s/^[ABCDGIRSTW]* \([^ ]*\) \(lib[^ ]*\)$/  {"\2", (void *) \&\2},/p'\'' -e '\''s/^[ABCDGIRSTW]* \([^ ]*\) \([^ ]*\)$/  {"lib\2", (void *) \&\2},/p'\'''
lt_cv_sys_global_symbol_to_cdecl='sed -n -e '\''s/^T .* \(.*\)$/extern int \1();/p'\'' -e '\''s/^[ABCDGIRSTW]* .* \(.*\)$/extern char \1;/p'\'''
lt_cv_sys_max_cmd_len=1572864
pkg_cv_SDL_CFLAGS='-D_REENTRANT -I/usr/include/SDL2 '
pkg_cv_SDL_LIBS='-lSDL2 -lpthread '

## ----------------- ##
## Output variables. ##
## ----------------- ##

ACLOCAL='${SHELL} "/home/robin_arch/cour/1ere année phelma/info/sdl_phelma/SDL2_ttf-2.0.12/missing" aclocal-1.14'
ALLOCA=''
AMDEPBACKSLASH='\'
AMDEP_FALSE='#'
AMDEP_TRUE=''
AMTAR='$${TAR-tar}'
AM_BACKSLASH='\'
AM_DEFAULT_V='$(AM_DEFAULT_VERBOSITY)'
AM_DEFAULT_VERBOSITY='1'
AM_V='$(V)'
AR='ar'
AS='as'
AUTOCONF='${SHELL} "/home/robin_arch/cour/1ere année phelma/info/sdl_phelma/SDL2_ttf-2.0.12/missing" autoconf'
AUTOHEADER='${SHELL} "/home/robin_arch/cour/1ere année phelma/info/sdl_phelma/SDL2_ttf-2.0.12/missing" autoheader'
AUTOMAKE='${SHELL} "/home/robin_arch/cour/1ere année phelma/info/sdl_phelma/SDL2_ttf-2.0.12/missing" automake-1.14'
AWK='gawk'
BINARY_AGE='12'
CC='gcc'
CCDEPMODE='depmode=gcc3'
CFLAGS='-g -O2 -I/usr/include/freetype2 -D_REENTRANT -I/usr/include/SDL2   -DHAVE_OPENGL'
CPP='gcc -E'
CPPFLAGS=''
CYGPATH_W='echo'
DEFS='-DPACKAGE_NAME=\"\" -DPACKAGE_TARNAME=\"\" -DPACKAGE_VERSION=\"\" -DPACKAGE_STRING=\"\" -DPACKAGE_BUGREPORT=\"\" -DPACKAGE_URL=\"\" -DSTDC_HEADERS=1 -DHAVE_SYS_TYPES_H=1 -DHAVE_SYS_STAT_H=1 -DHAVE_STDLIB_H=1 -DHAVE_STRING_H=1 -DHAVE_MEMORY_H=1 -DHAVE_STRINGS_H=1 -DHAVE_INTTYPES_H=1 -DHAVE_STDINT_H=1 -DHAVE_UNISTD_H=1 -DHAVE_DLFCN_H=1 -DLT_OBJDIR=\".libs/\" -DPACKAGE=\"SDL2_ttf\" -DVERSION=\"2.0.12\" -DHAVE_ALLOCA_H=1 -DHAVE_ALLOCA=1'
DEPDIR='.deps'
DLLTOOL='dlltool'
DSYMUTIL=''
DUMPBIN=''
ECHO_C=''
ECHO_N='-n'
ECHO_T=''
EGREP='/usr/bin/grep -E'
EXEEXT=''
FGREP='/usr/bin/grep -F'
FREETYPE_CONFIG='/usr/bin/freetype-config'
GL_LIBS=' -lGL'
GREP='/usr/bin/grep'
INSTALL_DATA='${INSTALL} -m 644'
INSTALL_PROGRAM='${INSTALL}'
INSTALL_SCRIPT='${INSTALL}'
INSTALL_STRIP_PROGRAM='$(install_sh) -c -s'
INTERFACE_AGE='2'
LD='/usr/bin/ld -m elf_x86_64'
LDFLAGS=''
LIBOBJS=''
LIBS=' -lfreetype -lz -lbz2 -lpng16 -lSDL2 -lpthread '
LIBTOOL='$(SHELL) $(top_builddir)/libtool'
LIPO=''
LN_S='ln -s'
LTLIBOBJS=''
LT_AGE='10'
LT_CURRENT='10'
LT_RELEASE='2.0'
LT_REVISION='2'
MAJOR_VERSION='2'
MAKEINFO='${SHELL} "/home/robin_arch/cour/1ere année phelma/info/sdl_phelma/SDL2_ttf-2.0.12/missing" makeinfo'
MATHLIB='-lm'
MICRO_VERSION='12'
MINOR_VERSION='0'
MKDIR_P='/usr/bin/mkdir -p'
NM='/usr/bin/nm -B'
NMEDIT=''
OBJDUMP='objdump'
OBJEXT='o'
OTOOL64=''
OTOOL=''
PACKAGE='SDL2_ttf'
PACKAGE_BUGREPORT=''
PACKAGE_NAME=''
PACKAGE_STRING=''
PACKAGE_TARNAME=''
PACKAGE_URL=''
PACKAGE_VERSION=''
PATH_SEPARATOR=':'
PKG_CONFIG='/usr/bin/pkg-config'
RANLIB='ranlib'
SDL2_CONFIG='pkg-config sdl2'
SDL_CFLAGS='-D_REENTRANT -I/usr/include/SDL2 '
SDL_LIBS='-lSDL2 -lpthread '
SDL_VERSION='2.0.0'
SED='/usr/bin/sed'
SET_MAKE=''
SHELL='/bin/sh'
STRIP='strip'
USE_VERSION_RC_FALSE=''
USE_VERSION_RC_TRUE='#'
VERSION='2.0.12'
WINDRES=''
XMKMF=''
X_CFLAGS=''
X_EXTRA_LIBS=''
X_LIBS=''
X_PRE_LIBS=' -lSM -lICE'
ac_ct_CC='gcc'
ac_ct_DUMPBIN=''
am__EXEEXT_FALSE=''
am__EXEEXT_TRUE='#'
am__fastdepCC_FALSE='#'
am__fastdepCC_TRUE=''
am__include='include'
am__isrc=''
am__leading_dot='.'
am__nodep='_no'
am__quote=''
am__tar='$${TAR-tar} chof - "$$tardir"'
am__untar='$${TAR-tar} xf -'
bindir='${exec_prefix}/bin'
build='x86_64-unknown-linux-gnu'
build_alias=''
build_cpu='x86_64'
build_os='linux-gnu'
build_vendor='unknown'
datadir='${datarootdir}'
datarootdir='${prefix}/share'
docdir='${datarootdir}/doc/${PACKAGE}'
dvidir='${docdir}'
exec_prefix='${prefix}'
host='x86_64-unknown-linux-gnu'
host_alias=''
host_cpu='x86_64'
host_os='linux-gnu'
host_vendor='unknown'
htmldir='${docdir}'
includedir='${prefix}/include'
infodir='${datarootdir}/info'
install_sh='${SHELL} '\''/home/robin_arch/cour/1ere année phelma/info/sdl_phelma/SDL2_ttf-2.0.12/install-sh'\'''
libdir='${exec_prefix}/lib'
libexecdir='${exec_prefix}/libexec'
localedir='${datarootdir}/locale'
localstatedir='${prefix}/var'
lt_ECHO='echo'
mandir='${datarootdir}/man'
mkdir_p='$(MKDIR_P)'
oldincludedir='/usr/include'
pdfdir='${docdir}'
prefix='/usr/local'
program_transform_name='s,x,x,'
psdir='${docdir}'
sbindir='${exec_prefix}/sbin'
sharedstatedir='${prefix}/com'
sysconfdir='${prefix}/etc'
target_alias=''

## ----------- ##
## confdefs.h. ##
## ----------- ##

/* confdefs.h */
#define PACKAGE_NAME ""
#define PACKAGE_TARNAME ""
#define PACKAGE_VERSION ""
#define PACKAGE_STRING ""
#define PACKAGE_BUGREPORT ""
#define PACKAGE_URL ""
#define STDC_HEADERS 1
#define HAVE_SYS_TYPES_H 1
#define HAVE_SYS_STAT_H 1
#define HAVE_STDLIB_H 1
#define HAVE_STRING_H 1
#define HAVE_MEMORY_H 1
#define HAVE_STRINGS_H 1
#define HAVE_INTTYPES_H 1
#define HAVE_STDINT_H 1
#define HAVE_UNISTD_H 1
#define HAVE_DLFCN_H 1
#define LT_OBJDIR ".libs/"
#define PACKAGE "SDL2_ttf"
#define VERSION "2.0.12"
#define HAVE_ALLOCA_H 1
#define HAVE_ALLOCA 1

configure: exit 0
