This file contains any messages produced by compilers while
running configure, to aid debugging if configure makes a mistake.

It was created by configure, which was
generated by GNU Autoconf 2.69.  Invocation command line was

  $ ./configure 

## --------- ##
## Platform. ##
## --------- ##

hostname = arch_robin
uname -m = x86_64
uname -r = 3.12.9-1-ARCH
uname -s = Linux
uname -v = #1 SMP PREEMPT Sun Jan 26 09:01:37 CET 2014

/usr/bin/uname -p = unknown
/bin/uname -X     = unknown

/bin/arch              = unknown
/usr/bin/arch -k       = unknown
/usr/convex/getsysinfo = unknown
/usr/bin/hostinfo      = unknown
/bin/machine           = unknown
/usr/bin/oslevel       = unknown
/bin/universe          = unknown

PATH: /usr/local/sbin
PATH: /usr/local/bin
PATH: /usr/bin
PATH: /usr/bin/vendor_perl
PATH: /usr/bin/core_perl


## ----------- ##
## Core tests. ##
## ----------- ##

configure:2491: WARNING: Libtool does not cope well with whitespace in `pwd`
configure:2547: checking build system type
configure:2561: result: x86_64-unknown-linux-gnu
configure:2581: checking host system type
configure:2594: result: x86_64-unknown-linux-gnu
configure:2665: checking for gcc
configure:2681: found /usr/bin/gcc
configure:2692: result: gcc
configure:2921: checking for C compiler version
configure:2930: gcc --version >&5
gcc (GCC) 4.8.2 20131219 (prerelease)
Copyright (C) 2013 Free Software Foundation, Inc.
This is free software; see the source for copying conditions.  There is NO
warranty; not even for MERCHANTABILITY or FITNESS FOR A PARTICULAR PURPOSE.

configure:2941: $? = 0
configure:2930: gcc -v >&5
Using built-in specs.
COLLECT_GCC=gcc
COLLECT_LTO_WRAPPER=/usr/lib/gcc/x86_64-unknown-linux-gnu/4.8.2/lto-wrapper
Target: x86_64-unknown-linux-gnu
Configured with: /build/gcc/src/gcc-4.8-20131219/configure --prefix=/usr --libdir=/usr/lib --libexecdir=/usr/lib --mandir=/usr/share/man --infodir=/usr/share/info --with-bugurl=https://bugs.archlinux.org/ --enable-languages=c,c++,ada,fortran,go,lto,objc,obj-c++ --enable-shared --enable-threads=posix --with-system-zlib --enable-__cxa_atexit --disable-libunwind-exceptions --enable-clocale=gnu --disable-libstdcxx-pch --disable-libssp --enable-gnu-unique-object --enable-linker-build-id --enable-cloog-backend=isl --disable-cloog-version-check --enable-lto --enable-plugin --enable-install-libiberty --with-linker-hash-style=gnu --disable-multilib --disable-werror --enable-checking=release
Thread model: posix
gcc version 4.8.2 20131219 (prerelease) (GCC) 
configure:2941: $? = 0
configure:2930: gcc -V >&5
gcc: error: unrecognized command line option '-V'
gcc: fatal error: no input files
compilation terminated.
configure:2941: $? = 1
configure:2930: gcc -qversion >&5
gcc: error: unrecognized command line option '-qversion'
gcc: fatal error: no input files
compilation terminated.
configure:2941: $? = 1
configure:2961: checking whether the C compiler works
configure:2983: gcc    conftest.c  >&5
configure:2987: $? = 0
configure:3035: result: yes
configure:3038: checking for C compiler default output file name
configure:3040: result: a.out
configure:3046: checking for suffix of executables
configure:3053: gcc -o conftest    conftest.c  >&5
configure:3057: $? = 0
configure:3079: result: 
configure:3101: checking whether we are cross compiling
configure:3109: gcc -o conftest    conftest.c  >&5
configure:3113: $? = 0
configure:3120: ./conftest
configure:3124: $? = 0
configure:3139: result: no
configure:3144: checking for suffix of object files
configure:3166: gcc -c   conftest.c >&5
configure:3170: $? = 0
configure:3191: result: o
configure:3195: checking whether we are using the GNU C compiler
configure:3214: gcc -c   conftest.c >&5
configure:3214: $? = 0
configure:3223: result: yes
configure:3232: checking whether gcc accepts -g
configure:3252: gcc -c -g  conftest.c >&5
configure:3252: $? = 0
configure:3293: result: yes
configure:3310: checking for gcc option to accept ISO C89
configure:3373: gcc  -c -g -O2  conftest.c >&5
configure:3373: $? = 0
configure:3386: result: none needed
configure:3411: checking whether gcc understands -c and -o together
configure:3433: gcc -c conftest.c -o conftest2.o
configure:3436: $? = 0
configure:3433: gcc -c conftest.c -o conftest2.o
configure:3436: $? = 0
configure:3448: result: yes
configure:3465: checking for a sed that does not truncate output
configure:3529: result: /usr/bin/sed
configure:3547: checking for grep that handles long lines and -e
configure:3605: result: /usr/bin/grep
configure:3610: checking for egrep
configure:3672: result: /usr/bin/grep -E
configure:3677: checking for fgrep
configure:3739: result: /usr/bin/grep -F
configure:3774: checking for ld used by gcc
configure:3841: result: /usr/bin/ld
configure:3848: checking if the linker (/usr/bin/ld) is GNU ld
configure:3863: result: yes
configure:3875: checking for BSD- or MS-compatible name lister (nm)
configure:3924: result: /usr/bin/nm -B
configure:4042: checking the name lister (/usr/bin/nm -B) interface
configure:4049: gcc -c -g -O2  conftest.c >&5
configure:4052: /usr/bin/nm -B "conftest.o"
configure:4055: output
0000000000000000 B some_variable
configure:4062: result: BSD nm
configure:4065: checking whether ln -s works
configure:4069: result: yes
configure:4077: checking the maximum length of command line arguments
configure:4203: result: 1572864
configure:4220: checking whether the shell understands some XSI constructs
configure:4230: result: yes
configure:4234: checking whether the shell understands "+="
configure:4240: result: yes
configure:4275: checking for /usr/bin/ld option to reload object files
configure:4282: result: -r
configure:4351: checking for objdump
configure:4367: found /usr/bin/objdump
configure:4378: result: objdump
configure:4407: checking how to recognize dependent libraries
configure:4605: result: pass_all
configure:4665: checking for ar
configure:4681: found /usr/bin/ar
configure:4692: result: ar
configure:4770: checking for strip
configure:4786: found /usr/bin/strip
configure:4797: result: strip
configure:4869: checking for ranlib
configure:4885: found /usr/bin/ranlib
configure:4896: result: ranlib
configure:4986: checking command to parse /usr/bin/nm -B output from gcc object
configure:5104: gcc -c -g -O2  conftest.c >&5
configure:5107: $? = 0
configure:5111: /usr/bin/nm -B conftest.o \| sed -n -e 's/^.*[	 ]\([ABCDGIRSTW][ABCDGIRSTW]*\)[	 ][	 ]*\([_A-Za-z][_A-Za-z0-9]*\)$/\1 \2 \2/p' \> conftest.nm
configure:5114: $? = 0
configure:5168: gcc -o conftest -g -O2   conftest.c conftstm.o >&5
configure:5171: $? = 0
configure:5209: result: ok
configure:5305: gcc -c -g -O2  conftest.c >&5
configure:5308: $? = 0
configure:6018: checking how to run the C preprocessor
configure:6049: gcc -E  conftest.c
configure:6049: $? = 0
configure:6063: gcc -E  conftest.c
conftest.c:9:28: fatal error: ac_nonexistent.h: No such file or directory
 #include <ac_nonexistent.h>
                            ^
compilation terminated.
configure:6063: $? = 1
configure: failed program was:
| /* confdefs.h */
| #define PACKAGE_NAME ""
| #define PACKAGE_TARNAME ""
| #define PACKAGE_VERSION ""
| #define PACKAGE_STRING ""
| #define PACKAGE_BUGREPORT ""
| #define PACKAGE_URL ""
| /* end confdefs.h.  */
| #include <ac_nonexistent.h>
configure:6088: result: gcc -E
configure:6108: gcc -E  conftest.c
configure:6108: $? = 0
configure:6122: gcc -E  conftest.c
conftest.c:9:28: fatal error: ac_nonexistent.h: No such file or directory
 #include <ac_nonexistent.h>
                            ^
compilation terminated.
configure:6122: $? = 1
configure: failed program was:
| /* confdefs.h */
| #define PACKAGE_NAME ""
| #define PACKAGE_TARNAME ""
| #define PACKAGE_VERSION ""
| #define PACKAGE_STRING ""
| #define PACKAGE_BUGREPORT ""
| #define PACKAGE_URL ""
| /* end confdefs.h.  */
| #include <ac_nonexistent.h>
configure:6151: checking for ANSI C header files
configure:6171: gcc -c -g -O2  conftest.c >&5
configure:6171: $? = 0
configure:6244: gcc -o conftest -g -O2   conftest.c  >&5
configure:6244: $? = 0
configure:6244: ./conftest
configure:6244: $? = 0
configure:6255: result: yes
configure:6268: checking for sys/types.h
configure:6268: gcc -c -g -O2  conftest.c >&5
configure:6268: $? = 0
configure:6268: result: yes
configure:6268: checking for sys/stat.h
configure:6268: gcc -c -g -O2  conftest.c >&5
configure:6268: $? = 0
configure:6268: result: yes
configure:6268: checking for stdlib.h
configure:6268: gcc -c -g -O2  conftest.c >&5
configure:6268: $? = 0
configure:6268: result: yes
configure:6268: checking for string.h
configure:6268: gcc -c -g -O2  conftest.c >&5
configure:6268: $? = 0
configure:6268: result: yes
configure:6268: checking for memory.h
configure:6268: gcc -c -g -O2  conftest.c >&5
configure:6268: $? = 0
configure:6268: result: yes
configure:6268: checking for strings.h
configure:6268: gcc -c -g -O2  conftest.c >&5
configure:6268: $? = 0
configure:6268: result: yes
configure:6268: checking for inttypes.h
configure:6268: gcc -c -g -O2  conftest.c >&5
configure:6268: $? = 0
configure:6268: result: yes
configure:6268: checking for stdint.h
configure:6268: gcc -c -g -O2  conftest.c >&5
configure:6268: $? = 0
configure:6268: result: yes
configure:6268: checking for unistd.h
configure:6268: gcc -c -g -O2  conftest.c >&5
configure:6268: $? = 0
configure:6268: result: yes
configure:6282: checking for dlfcn.h
configure:6282: gcc -c -g -O2  conftest.c >&5
configure:6282: $? = 0
configure:6282: result: yes
configure:6764: checking for objdir
configure:6779: result: .libs
configure:7075: checking if gcc supports -fno-rtti -fno-exceptions
configure:7093: gcc -c -g -O2  -fno-rtti -fno-exceptions conftest.c >&5
cc1: warning: command line option '-fno-rtti' is valid for C++/ObjC++ but not for C [enabled by default]
configure:7097: $? = 0
configure:7110: result: no
configure:7130: checking for gcc option to produce PIC
configure:7402: result: -fPIC -DPIC
configure:7414: checking if gcc PIC flag -fPIC -DPIC works
configure:7432: gcc -c -g -O2  -fPIC -DPIC -DPIC conftest.c >&5
configure:7436: $? = 0
configure:7449: result: yes
configure:7473: checking if gcc static flag -static works
configure:7501: result: yes
configure:7516: checking if gcc supports -c -o file.o
configure:7537: gcc -c -g -O2  -o out/conftest2.o conftest.c >&5
configure:7541: $? = 0
configure:7563: result: yes
configure:7571: checking if gcc supports -c -o file.o
configure:7618: result: yes
configure:7651: checking whether the gcc linker (/usr/bin/ld -m elf_x86_64) supports shared libraries
configure:8637: result: yes
configure:8674: checking whether -lc should be explicitly linked in
configure:8679: gcc -c -g -O2  conftest.c >&5
configure:8682: $? = 0
configure:8697: gcc -shared conftest.o  -v -Wl,-soname -Wl,conftest -o conftest 2\>\&1 \| /usr/bin/grep  -lc  \>/dev/null 2\>\&1
configure:8700: $? = 0
configure:8712: result: no
configure:8876: checking dynamic linker characteristics
configure:9311: gcc -o conftest -g -O2   -Wl,-rpath -Wl,/foo conftest.c  >&5
configure:9311: $? = 0
configure:9529: result: GNU/Linux ld.so
configure:9631: checking how to hardcode library paths into programs
configure:9656: result: immediate
configure:10176: checking whether stripping libraries is possible
configure:10181: result: yes
configure:10216: checking if libtool supports shared libraries
configure:10218: result: yes
configure:10221: checking whether to build shared libraries
configure:10242: result: yes
configure:10245: checking whether to build static libraries
configure:10249: result: yes
configure:10313: checking for a BSD-compatible install
configure:10381: result: /usr/bin/install -c
configure:10392: checking whether build environment is sane
configure:10447: result: yes
configure:10595: checking for a thread-safe mkdir -p
configure:10634: result: /usr/bin/mkdir -p
configure:10641: checking for gawk
configure:10657: found /usr/bin/gawk
configure:10668: result: gawk
configure:10679: checking whether make sets $(MAKE)
configure:10701: result: yes
configure:10731: checking for style of include used by make
configure:10759: result: GNU
configure:10793: checking whether make supports nested variables
configure:10810: result: yes
configure:10896: checking dependency style of gcc
configure:11007: result: gcc3
configure:11114: checking for gcc
configure:11141: result: gcc
configure:11370: checking for C compiler version
configure:11379: gcc --version >&5
gcc (GCC) 4.8.2 20131219 (prerelease)
Copyright (C) 2013 Free Software Foundation, Inc.
This is free software; see the source for copying conditions.  There is NO
warranty; not even for MERCHANTABILITY or FITNESS FOR A PARTICULAR PURPOSE.

configure:11390: $? = 0
configure:11379: gcc -v >&5
Using built-in specs.
COLLECT_GCC=gcc
COLLECT_LTO_WRAPPER=/usr/lib/gcc/x86_64-unknown-linux-gnu/4.8.2/lto-wrapper
Target: x86_64-unknown-linux-gnu
Configured with: /build/gcc/src/gcc-4.8-20131219/configure --prefix=/usr --libdir=/usr/lib --libexecdir=/usr/lib --mandir=/usr/share/man --infodir=/usr/share/info --with-bugurl=https://bugs.archlinux.org/ --enable-languages=c,c++,ada,fortran,go,lto,objc,obj-c++ --enable-shared --enable-threads=posix --with-system-zlib --enable-__cxa_atexit --disable-libunwind-exceptions --enable-clocale=gnu --disable-libstdcxx-pch --disable-libssp --enable-gnu-unique-object --enable-linker-build-id --enable-cloog-backend=isl --disable-cloog-version-check --enable-lto --enable-plugin --enable-install-libiberty --with-linker-hash-style=gnu --disable-multilib --disable-werror --enable-checking=release
Thread model: posix
gcc version 4.8.2 20131219 (prerelease) (GCC) 
configure:11390: $? = 0
configure:11379: gcc -V >&5
gcc: error: unrecognized command line option '-V'
gcc: fatal error: no input files
compilation terminated.
configure:11390: $? = 1
configure:11379: gcc -qversion >&5
gcc: error: unrecognized command line option '-qversion'
gcc: fatal error: no input files
compilation terminated.
configure:11390: $? = 1
configure:11394: checking whether we are using the GNU C compiler
configure:11422: result: yes
configure:11431: checking whether gcc accepts -g
configure:11492: result: yes
configure:11509: checking for gcc option to accept ISO C89
configure:11585: result: none needed
configure:11610: checking whether gcc understands -c and -o together
configure:11647: result: yes
configure:11718: checking for gcc
configure:11734: found /usr/bin/gcc
configure:11745: result: gcc
configure:11770: checking for Objective C compiler version
configure:11779: gcc --version >&5
gcc (GCC) 4.8.2 20131219 (prerelease)
Copyright (C) 2013 Free Software Foundation, Inc.
This is free software; see the source for copying conditions.  There is NO
warranty; not even for MERCHANTABILITY or FITNESS FOR A PARTICULAR PURPOSE.

configure:11790: $? = 0
configure:11779: gcc -v >&5
Using built-in specs.
COLLECT_GCC=gcc
COLLECT_LTO_WRAPPER=/usr/lib/gcc/x86_64-unknown-linux-gnu/4.8.2/lto-wrapper
Target: x86_64-unknown-linux-gnu
Configured with: /build/gcc/src/gcc-4.8-20131219/configure --prefix=/usr --libdir=/usr/lib --libexecdir=/usr/lib --mandir=/usr/share/man --infodir=/usr/share/info --with-bugurl=https://bugs.archlinux.org/ --enable-languages=c,c++,ada,fortran,go,lto,objc,obj-c++ --enable-shared --enable-threads=posix --with-system-zlib --enable-__cxa_atexit --disable-libunwind-exceptions --enable-clocale=gnu --disable-libstdcxx-pch --disable-libssp --enable-gnu-unique-object --enable-linker-build-id --enable-cloog-backend=isl --disable-cloog-version-check --enable-lto --enable-plugin --enable-install-libiberty --with-linker-hash-style=gnu --disable-multilib --disable-werror --enable-checking=release
Thread model: posix
gcc version 4.8.2 20131219 (prerelease) (GCC) 
configure:11790: $? = 0
configure:11779: gcc -V >&5
gcc: error: unrecognized command line option '-V'
gcc: fatal error: no input files
compilation terminated.
configure:11790: $? = 1
configure:11779: gcc -qversion >&5
gcc: error: unrecognized command line option '-qversion'
gcc: fatal error: no input files
compilation terminated.
configure:11790: $? = 1
configure:11794: checking whether we are using the GNU Objective C compiler
configure:11813: gcc -c   conftest.m >&5
gcc: error trying to exec 'cc1obj': execvp: No such file or directory
configure:11813: $? = 1
configure: failed program was:
| /* confdefs.h */
| #define PACKAGE_NAME ""
| #define PACKAGE_TARNAME ""
| #define PACKAGE_VERSION ""
| #define PACKAGE_STRING ""
| #define PACKAGE_BUGREPORT ""
| #define PACKAGE_URL ""
| #define STDC_HEADERS 1
| #define HAVE_SYS_TYPES_H 1
| #define HAVE_SYS_STAT_H 1
| #define HAVE_STDLIB_H 1
| #define HAVE_STRING_H 1
| #define HAVE_MEMORY_H 1
| #define HAVE_STRINGS_H 1
| #define HAVE_INTTYPES_H 1
| #define HAVE_STDINT_H 1
| #define HAVE_UNISTD_H 1
| #define HAVE_DLFCN_H 1
| #define LT_OBJDIR ".libs/"
| #define PACKAGE "SDL2_image"
| #define VERSION "2.0.0"
| /* end confdefs.h.  */
| 
| int
| main ()
| {
| #ifndef __GNUC__
|        choke me
| #endif
| 
|   ;
|   return 0;
| }
configure:11822: result: no
configure:11831: checking whether gcc accepts -g
configure:11851: gcc -c -g  conftest.m >&5
gcc: error trying to exec 'cc1obj': execvp: No such file or directory
configure:11851: $? = 1
configure: failed program was:
| /* confdefs.h */
| #define PACKAGE_NAME ""
| #define PACKAGE_TARNAME ""
| #define PACKAGE_VERSION ""
| #define PACKAGE_STRING ""
| #define PACKAGE_BUGREPORT ""
| #define PACKAGE_URL ""
| #define STDC_HEADERS 1
| #define HAVE_SYS_TYPES_H 1
| #define HAVE_SYS_STAT_H 1
| #define HAVE_STDLIB_H 1
| #define HAVE_STRING_H 1
| #define HAVE_MEMORY_H 1
| #define HAVE_STRINGS_H 1
| #define HAVE_INTTYPES_H 1
| #define HAVE_STDINT_H 1
| #define HAVE_UNISTD_H 1
| #define HAVE_DLFCN_H 1
| #define LT_OBJDIR ".libs/"
| #define PACKAGE "SDL2_image"
| #define VERSION "2.0.0"
| /* end confdefs.h.  */
| 
| int
| main ()
| {
| 
|   ;
|   return 0;
| }
configure:11866: gcc -c   conftest.m >&5
gcc: error trying to exec 'cc1obj': execvp: No such file or directory
configure:11866: $? = 1
configure: failed program was:
| /* confdefs.h */
| #define PACKAGE_NAME ""
| #define PACKAGE_TARNAME ""
| #define PACKAGE_VERSION ""
| #define PACKAGE_STRING ""
| #define PACKAGE_BUGREPORT ""
| #define PACKAGE_URL ""
| #define STDC_HEADERS 1
| #define HAVE_SYS_TYPES_H 1
| #define HAVE_SYS_STAT_H 1
| #define HAVE_STDLIB_H 1
| #define HAVE_STRING_H 1
| #define HAVE_MEMORY_H 1
| #define HAVE_STRINGS_H 1
| #define HAVE_INTTYPES_H 1
| #define HAVE_STDINT_H 1
| #define HAVE_UNISTD_H 1
| #define HAVE_DLFCN_H 1
| #define LT_OBJDIR ".libs/"
| #define PACKAGE "SDL2_image"
| #define VERSION "2.0.0"
| /* end confdefs.h.  */
| 
| int
| main ()
| {
| 
|   ;
|   return 0;
| }
configure:11882: gcc -c -g  conftest.m >&5
gcc: error trying to exec 'cc1obj': execvp: No such file or directory
configure:11882: $? = 1
configure: failed program was:
| /* confdefs.h */
| #define PACKAGE_NAME ""
| #define PACKAGE_TARNAME ""
| #define PACKAGE_VERSION ""
| #define PACKAGE_STRING ""
| #define PACKAGE_BUGREPORT ""
| #define PACKAGE_URL ""
| #define STDC_HEADERS 1
| #define HAVE_SYS_TYPES_H 1
| #define HAVE_SYS_STAT_H 1
| #define HAVE_STDLIB_H 1
| #define HAVE_STRING_H 1
| #define HAVE_MEMORY_H 1
| #define HAVE_STRINGS_H 1
| #define HAVE_INTTYPES_H 1
| #define HAVE_STDINT_H 1
| #define HAVE_UNISTD_H 1
| #define HAVE_DLFCN_H 1
| #define LT_OBJDIR ".libs/"
| #define PACKAGE "SDL2_image"
| #define VERSION "2.0.0"
| /* end confdefs.h.  */
| 
| int
| main ()
| {
| 
|   ;
|   return 0;
| }
configure:11892: result: no
configure:11917: checking dependency style of gcc
configure:12026: result: gcc3
configure:12041: checking for inline
configure:12057: gcc -c -g -O2  conftest.c >&5
configure:12057: $? = 0
configure:12065: result: inline
configure:12084: checking whether make sets $(MAKE)
configure:12106: result: yes
configure:12124: checking for windres
configure:12154: result: no
configure:12124: checking for linux-gnu-windres
configure:12154: result: no
configure:12285: checking for pkg-config
configure:12303: found /usr/bin/pkg-config
configure:12315: result: /usr/bin/pkg-config
configure:12340: checking pkg-config is at least version 0.9.0
configure:12343: result: yes
configure:12381: checking for SDL
configure:12389: $PKG_CONFIG --exists --print-errors "sdl2 >= $min_sdl_version"
configure:12392: $? = 0
configure:12407: $PKG_CONFIG --exists --print-errors "sdl2 >= $min_sdl_version"
configure:12410: $? = 0
configure:12446: result: yes
configure:12817: checking for ImageIO support
configure:12819: result: 
configure:12823: checking jpeglib.h usability
configure:12823: gcc -c -g -O2 -D_REENTRANT -I/usr/include/SDL2   conftest.c >&5
configure:12823: $? = 0
configure:12823: result: yes
configure:12823: checking jpeglib.h presence
configure:12823: gcc -E  conftest.c
configure:12823: $? = 0
configure:12823: result: yes
configure:12823: checking for jpeglib.h
configure:12823: result: yes
configure:12829: checking for jpeg_CreateDecompress in -ljpeg
configure:12854: gcc -o conftest -g -O2 -D_REENTRANT -I/usr/include/SDL2    conftest.c -ljpeg   -lSDL2 -lpthread  >&5
configure:12854: $? = 0
configure:12863: result: yes
configure:12901: checking for LIBPNG
configure:12909: $PKG_CONFIG --exists --print-errors "libpng"
configure:12912: $? = 0
configure:12927: $PKG_CONFIG --exists --print-errors "libpng"
configure:12930: $? = 0
configure:13058: result: yes
configure:13092: checking tiffio.h usability
configure:13092: gcc -c -I/usr/include/libpng16  -g -O2 -D_REENTRANT -I/usr/include/SDL2   conftest.c >&5
configure:13092: $? = 0
configure:13092: result: yes
configure:13092: checking tiffio.h presence
configure:13092: gcc -E  conftest.c
configure:13092: $? = 0
configure:13092: result: yes
configure:13092: checking for tiffio.h
configure:13092: result: yes
configure:13098: checking for TIFFClientOpen in -ltiff
configure:13123: gcc -o conftest -I/usr/include/libpng16  -g -O2 -D_REENTRANT -I/usr/include/SDL2    conftest.c -ltiff -lz -ljpeg  -lSDL2 -lpthread  >&5
configure:13123: $? = 0
configure:13132: result: yes
configure:13167: checking for LIBWEBP
configure:13175: $PKG_CONFIG --exists --print-errors "libwebp"
configure:13178: $? = 0
configure:13193: $PKG_CONFIG --exists --print-errors "libwebp"
configure:13196: $? = 0
configure:13324: result: yes
configure:13607: checking that generated files are newer than configure
configure:13613: result: done
configure:13648: creating ./config.status

## ---------------------- ##
## Running config.status. ##
## ---------------------- ##

This file was extended by config.status, which was
generated by GNU Autoconf 2.69.  Invocation command line was

  CONFIG_FILES    = 
  CONFIG_HEADERS  = 
  CONFIG_LINKS    = 
  CONFIG_COMMANDS = 
  $ ./config.status 

on arch_robin

config.status:1024: creating Makefile
config.status:1024: creating SDL2_image.spec
config.status:1024: creating SDL2_image.pc
config.status:1196: executing libtool commands
config.status:1196: executing depfiles commands

## ---------------- ##
## Cache variables. ##
## ---------------- ##

ac_cv_build=x86_64-unknown-linux-gnu
ac_cv_c_compiler_gnu=yes
ac_cv_c_inline=inline
ac_cv_env_CC_set=
ac_cv_env_CC_value=
ac_cv_env_CFLAGS_set=
ac_cv_env_CFLAGS_value=
ac_cv_env_CPPFLAGS_set=
ac_cv_env_CPPFLAGS_value=
ac_cv_env_CPP_set=
ac_cv_env_CPP_value=
ac_cv_env_LDFLAGS_set=
ac_cv_env_LDFLAGS_value=
ac_cv_env_LIBPNG_CFLAGS_set=
ac_cv_env_LIBPNG_CFLAGS_value=
ac_cv_env_LIBPNG_LIBS_set=
ac_cv_env_LIBPNG_LIBS_value=
ac_cv_env_LIBS_set=
ac_cv_env_LIBS_value=
ac_cv_env_LIBWEBP_CFLAGS_set=
ac_cv_env_LIBWEBP_CFLAGS_value=
ac_cv_env_LIBWEBP_LIBS_set=
ac_cv_env_LIBWEBP_LIBS_value=
ac_cv_env_OBJCFLAGS_set=
ac_cv_env_OBJCFLAGS_value=
ac_cv_env_OBJC_set=
ac_cv_env_OBJC_value=
ac_cv_env_PKG_CONFIG_set=
ac_cv_env_PKG_CONFIG_value=
ac_cv_env_SDL_CFLAGS_set=
ac_cv_env_SDL_CFLAGS_value=
ac_cv_env_SDL_LIBS_set=
ac_cv_env_SDL_LIBS_value=
ac_cv_env_build_alias_set=
ac_cv_env_build_alias_value=
ac_cv_env_host_alias_set=
ac_cv_env_host_alias_value=
ac_cv_env_target_alias_set=
ac_cv_env_target_alias_value=
ac_cv_header_dlfcn_h=yes
ac_cv_header_inttypes_h=yes
ac_cv_header_jpeglib_h=yes
ac_cv_header_memory_h=yes
ac_cv_header_stdc=yes
ac_cv_header_stdint_h=yes
ac_cv_header_stdlib_h=yes
ac_cv_header_string_h=yes
ac_cv_header_strings_h=yes
ac_cv_header_sys_stat_h=yes
ac_cv_header_sys_types_h=yes
ac_cv_header_tiffio_h=yes
ac_cv_header_unistd_h=yes
ac_cv_host=x86_64-unknown-linux-gnu
ac_cv_lib_jpeg_jpeg_CreateDecompress=yes
ac_cv_lib_tiff_TIFFClientOpen=yes
ac_cv_objc_compiler_gnu=no
ac_cv_objext=o
ac_cv_path_EGREP='/usr/bin/grep -E'
ac_cv_path_FGREP='/usr/bin/grep -F'
ac_cv_path_GREP=/usr/bin/grep
ac_cv_path_SED=/usr/bin/sed
ac_cv_path_ac_pt_PKG_CONFIG=/usr/bin/pkg-config
ac_cv_path_install='/usr/bin/install -c'
ac_cv_path_mkdir=/usr/bin/mkdir
ac_cv_prog_AWK=gawk
ac_cv_prog_CPP='gcc -E'
ac_cv_prog_ac_ct_AR=ar
ac_cv_prog_ac_ct_CC=gcc
ac_cv_prog_ac_ct_OBJC=gcc
ac_cv_prog_ac_ct_OBJDUMP=objdump
ac_cv_prog_ac_ct_RANLIB=ranlib
ac_cv_prog_ac_ct_STRIP=strip
ac_cv_prog_cc_c89=
ac_cv_prog_cc_g=yes
ac_cv_prog_make_make_set=yes
ac_cv_prog_objc_g=no
am_cv_CC_dependencies_compiler_type=gcc3
am_cv_OBJC_dependencies_compiler_type=gcc3
am_cv_make_support_nested_variables=yes
am_cv_prog_cc_c_o=yes
lt_cv_deplibs_check_method=pass_all
lt_cv_file_magic_cmd='$MAGIC_CMD'
lt_cv_file_magic_test_file=
lt_cv_ld_reload_flag=-r
lt_cv_nm_interface='BSD nm'
lt_cv_objdir=.libs
lt_cv_path_LD=/usr/bin/ld
lt_cv_path_NM='/usr/bin/nm -B'
lt_cv_prog_compiler_c_o=yes
lt_cv_prog_compiler_pic_works=yes
lt_cv_prog_compiler_rtti_exceptions=no
lt_cv_prog_compiler_static_works=yes
lt_cv_prog_gnu_ld=yes
lt_cv_sys_global_symbol_pipe='sed -n -e '\''s/^.*[	 ]\([ABCDGIRSTW][ABCDGIRSTW]*\)[	 ][	 ]*\([_A-Za-z][_A-Za-z0-9]*\)$/\1 \2 \2/p'\'''
lt_cv_sys_global_symbol_to_c_name_address='sed -n -e '\''s/^: \([^ ]*\) $/  {\"\1\", (void *) 0},/p'\'' -e '\''s/^[ABCDGIRSTW]* \([^ ]*\) \([^ ]*\)$/  {"\2", (void *) \&\2},/p'\'''
lt_cv_sys_global_symbol_to_c_name_address_lib_prefix='sed -n -e '\''s/^: \([^ ]*\) $/  {\"\1\", (void *) 0},/p'\'' -e '\''s/^[ABCDGIRSTW]* \([^ ]*\) \(lib[^ ]*\)$/  {"\2", (void *) \&\2},/p'\'' -e '\''s/^[ABCDGIRSTW]* \([^ ]*\) \([^ ]*\)$/  {"lib\2", (void *) \&\2},/p'\'''
lt_cv_sys_global_symbol_to_cdecl='sed -n -e '\''s/^T .* \(.*\)$/extern int \1();/p'\'' -e '\''s/^[ABCDGIRSTW]* .* \(.*\)$/extern char \1;/p'\'''
lt_cv_sys_max_cmd_len=1572864
pkg_cv_LIBPNG_CFLAGS='-I/usr/include/libpng16 '
pkg_cv_LIBPNG_LIBS='-lpng16 '
pkg_cv_LIBWEBP_CFLAGS=
pkg_cv_LIBWEBP_LIBS='-lwebp '
pkg_cv_SDL_CFLAGS='-D_REENTRANT -I/usr/include/SDL2 '
pkg_cv_SDL_LIBS='-lSDL2 -lpthread '

## ----------------- ##
## Output variables. ##
## ----------------- ##

ACLOCAL='${SHELL} "/home/robin_arch/cour/1ere année phelma/info/sdl_phelma/SDL2_image-2.0.0/missing" aclocal-1.14'
AMDEPBACKSLASH='\'
AMDEP_FALSE='#'
AMDEP_TRUE=''
AMTAR='$${TAR-tar}'
AM_BACKSLASH='\'
AM_DEFAULT_V='$(AM_DEFAULT_VERBOSITY)'
AM_DEFAULT_VERBOSITY='1'
AM_V='$(V)'
AR='ar'
AS='as'
AUTOCONF='${SHELL} "/home/robin_arch/cour/1ere année phelma/info/sdl_phelma/SDL2_image-2.0.0/missing" autoconf'
AUTOHEADER='${SHELL} "/home/robin_arch/cour/1ere année phelma/info/sdl_phelma/SDL2_image-2.0.0/missing" autoheader'
AUTOMAKE='${SHELL} "/home/robin_arch/cour/1ere année phelma/info/sdl_phelma/SDL2_image-2.0.0/missing" automake-1.14'
AWK='gawk'
BINARY_AGE='0'
CC='gcc'
CCDEPMODE='depmode=gcc3'
CFLAGS=' -I/usr/include/libpng16  -g -O2 -D_REENTRANT -I/usr/include/SDL2 '
CPP='gcc -E'
CPPFLAGS=''
CYGPATH_W='echo'
DEFS='-DPACKAGE_NAME=\"\" -DPACKAGE_TARNAME=\"\" -DPACKAGE_VERSION=\"\" -DPACKAGE_STRING=\"\" -DPACKAGE_BUGREPORT=\"\" -DPACKAGE_URL=\"\" -DSTDC_HEADERS=1 -DHAVE_SYS_TYPES_H=1 -DHAVE_SYS_STAT_H=1 -DHAVE_STDLIB_H=1 -DHAVE_STRING_H=1 -DHAVE_MEMORY_H=1 -DHAVE_STRINGS_H=1 -DHAVE_INTTYPES_H=1 -DHAVE_STDINT_H=1 -DHAVE_UNISTD_H=1 -DHAVE_DLFCN_H=1 -DLT_OBJDIR=\".libs/\" -DPACKAGE=\"SDL2_image\" -DVERSION=\"2.0.0\" -DLOAD_JPG=1 -DLOAD_PNG=1 -DLOAD_TIF=1 -DLOAD_WEBP=1 -DLOAD_BMP=1 -DLOAD_GIF=1 -DLOAD_LBM=1 -DLOAD_PCX=1 -DLOAD_PNM=1 -DLOAD_TGA=1 -DLOAD_XCF=1 -DLOAD_XPM=1 -DLOAD_XV=1 -DLOAD_WEBP_DYNAMIC=\"libwebp.so.4\" -DLOAD_TIF_DYNAMIC=\"libtiff.so.5\" -DLOAD_JPG_DYNAMIC=\"libjpeg.so.8\" -DLOAD_PNG_DYNAMIC=\"libpng16.so.16\"'
DEPDIR='.deps'
DLLTOOL='dlltool'
DSYMUTIL=''
DUMPBIN=''
ECHO_C=''
ECHO_N='-n'
ECHO_T=''
EGREP='/usr/bin/grep -E'
EXEEXT=''
FGREP='/usr/bin/grep -F'
GREP='/usr/bin/grep'
IMG_LIBS=''
INSTALL_DATA='${INSTALL} -m 644'
INSTALL_PROGRAM='${INSTALL}'
INSTALL_SCRIPT='${INSTALL}'
INSTALL_STRIP_PROGRAM='$(install_sh) -c -s'
INTERFACE_AGE='0'
LD='/usr/bin/ld -m elf_x86_64'
LDFLAGS=''
LIBOBJS=''
LIBPNG_CFLAGS='-I/usr/include/libpng16 '
LIBPNG_LIBS='-lpng16 '
LIBS=' -lSDL2 -lpthread '
LIBTOOL='$(SHELL) $(top_builddir)/libtool'
LIBWEBP_CFLAGS=''
LIBWEBP_LIBS='-lwebp '
LIPO=''
LN_S='ln -s'
LTLIBOBJS=''
LT_AGE='0'
LT_CURRENT='0'
LT_RELEASE='2.0'
LT_REVISION='0'
MAJOR_VERSION='2'
MAKEINFO='${SHELL} "/home/robin_arch/cour/1ere année phelma/info/sdl_phelma/SDL2_image-2.0.0/missing" makeinfo'
MICRO_VERSION='0'
MINOR_VERSION='0'
MKDIR_P='/usr/bin/mkdir -p'
NM='/usr/bin/nm -B'
NMEDIT=''
OBJC='gcc'
OBJCDEPMODE='depmode=gcc3'
OBJCFLAGS=' -I/usr/include/libpng16  -g -O2 -D_REENTRANT -I/usr/include/SDL2 '
OBJDUMP='objdump'
OBJEXT='o'
OTOOL64=''
OTOOL=''
PACKAGE='SDL2_image'
PACKAGE_BUGREPORT=''
PACKAGE_NAME=''
PACKAGE_STRING=''
PACKAGE_TARNAME=''
PACKAGE_URL=''
PACKAGE_VERSION=''
PATH_SEPARATOR=':'
PKG_CONFIG='/usr/bin/pkg-config'
RANLIB='ranlib'
SDL2_CONFIG='pkg-config sdl2'
SDL_CFLAGS='-D_REENTRANT -I/usr/include/SDL2 '
SDL_LIBS='-lSDL2 -lpthread '
SDL_VERSION='2.0.0'
SED='/usr/bin/sed'
SET_MAKE=''
SHELL='/bin/sh'
STRIP='strip'
USE_IMAGEIO_FALSE=''
USE_IMAGEIO_TRUE='#'
USE_VERSION_RC_FALSE=''
USE_VERSION_RC_TRUE='#'
VERSION='2.0.0'
WINDRES=''
ac_ct_CC='gcc'
ac_ct_DUMPBIN=''
ac_ct_OBJC='gcc'
am__EXEEXT_FALSE=''
am__EXEEXT_TRUE='#'
am__fastdepCC_FALSE='#'
am__fastdepCC_TRUE=''
am__fastdepOBJC_FALSE='#'
am__fastdepOBJC_TRUE=''
am__include='include'
am__isrc=''
am__leading_dot='.'
am__nodep='_no'
am__quote=''
am__tar='$${TAR-tar} chof - "$$tardir"'
am__untar='$${TAR-tar} xf -'
bindir='${exec_prefix}/bin'
build='x86_64-unknown-linux-gnu'
build_alias=''
build_cpu='x86_64'
build_os='linux-gnu'
build_vendor='unknown'
datadir='${datarootdir}'
datarootdir='${prefix}/share'
docdir='${datarootdir}/doc/${PACKAGE}'
dvidir='${docdir}'
exec_prefix='${prefix}'
host='x86_64-unknown-linux-gnu'
host_alias=''
host_cpu='x86_64'
host_os='linux-gnu'
host_vendor='unknown'
htmldir='${docdir}'
includedir='${prefix}/include'
infodir='${datarootdir}/info'
install_sh='${SHELL} '\''/home/robin_arch/cour/1ere année phelma/info/sdl_phelma/SDL2_image-2.0.0/install-sh'\'''
libdir='${exec_prefix}/lib'
libexecdir='${exec_prefix}/libexec'
localedir='${datarootdir}/locale'
localstatedir='${prefix}/var'
lt_ECHO='echo'
mandir='${datarootdir}/man'
mkdir_p='$(MKDIR_P)'
oldincludedir='/usr/include'
pdfdir='${docdir}'
prefix='/usr/local'
program_transform_name='s,x,x,'
psdir='${docdir}'
sbindir='${exec_prefix}/sbin'
sharedstatedir='${prefix}/com'
sysconfdir='${prefix}/etc'
target_alias=''

## ----------- ##
## confdefs.h. ##
## ----------- ##

/* confdefs.h */
#define PACKAGE_NAME ""
#define PACKAGE_TARNAME ""
#define PACKAGE_VERSION ""
#define PACKAGE_STRING ""
#define PACKAGE_BUGREPORT ""
#define PACKAGE_URL ""
#define STDC_HEADERS 1
#define HAVE_SYS_TYPES_H 1
#define HAVE_SYS_STAT_H 1
#define HAVE_STDLIB_H 1
#define HAVE_STRING_H 1
#define HAVE_MEMORY_H 1
#define HAVE_STRINGS_H 1
#define HAVE_INTTYPES_H 1
#define HAVE_STDINT_H 1
#define HAVE_UNISTD_H 1
#define HAVE_DLFCN_H 1
#define LT_OBJDIR ".libs/"
#define PACKAGE "SDL2_image"
#define VERSION "2.0.0"
#define LOAD_JPG 1
#define LOAD_PNG 1
#define LOAD_TIF 1
#define LOAD_WEBP 1
#define LOAD_BMP 1
#define LOAD_GIF 1
#define LOAD_LBM 1
#define LOAD_PCX 1
#define LOAD_PNM 1
#define LOAD_TGA 1
#define LOAD_XCF 1
#define LOAD_XPM 1
#define LOAD_XV 1
#define LOAD_WEBP_DYNAMIC "libwebp.so.4"
#define LOAD_TIF_DYNAMIC "libtiff.so.5"
#define LOAD_JPG_DYNAMIC "libjpeg.so.8"
#define LOAD_PNG_DYNAMIC "libpng16.so.16"

configure: exit 0
